Arguments: 
  D:\Program Files\nodejs\node.exe C:\Users\Administrator\AppData\Roaming\npm\node_modules\yarn\bin\yarn.js

PATH: 
  C:\Windows\system32;C:\Windows;C:\Windows\System32\Wbem;C:\Windows\System32\WindowsPowerShell\v1.0\;C:\Program Files (x86)\ATI Technologies\ATI.ACE\Core-Static;d:\Program Files\Git\cmd;C:\Program Files\TortoiseSVN\bin;D:\Program Files\nodejs\;C:\Users\Administrator\AppData\Roaming\npm;C:\Program Files\MongoDB\Server\3.2\bin

Yarn version: 
  1.15.2

Node version: 
  10.15.3

Platform: 
  win32 x64

Trace: 
  Error: connect ETIMEDOUT 114.55.80.225:443
      at TCPConnectWrap.afterConnect [as oncomplete] (net.js:1097:14)

npm manifest: 
  {
    "name": "gshop-server_final",
    "version": "1.0.0",
    "description": "",
    "main": "index.js",
    "scripts": {
      "start": "node server.js"
    },
    "keywords": [],
    "author": "",
    "license": "ISC",
    "dependencies": {
      "axios": "^0.18.0",
      "blueimp-md5": "^2.10.0",
      "cookie-parser": "^1.4.3",
      "express": "^4.16.4",
      "express-session": "^1.15.6",
      "js-base64": "^2.4.9",
      "jsonwebtoken": "^8.5.1",
      "moment": "^2.22.2",
      "mongoose": "^5.3.7",
      "request": "^2.88.0",
      "svg-captcha": "^1.3.11"
    }
  }

yarn manifest: 
  No manifest

Lockfile: 
  No lockfile
